<?xml version="1.0" encoding="UTF-8"?>
<!-- Generated by org.testng.reporters.JUnitReportReporter -->
<testsuite hostname="notebook-183" failures="0" tests="7" name="cl.tecnova.qa.tests.TestConcepto" time="289.585" errors="0" timestamp="2020-12-09T09:23:44 CLST" skipped="0">
  <testcase classname="cl.tecnova.qa.tests.TestConcepto" name="loginUsuario" time="39.219"/>
  <system-out/>
  <testcase classname="cl.tecnova.qa.tests.TestConcepto" name="crearListaEnTablero" time="45.637"/>
  <system-out/>
  <testcase classname="cl.tecnova.qa.tests.TestConcepto" name="loginPassIncorrecto" time="24.172"/>
  <system-out/>
  <testcase classname="cl.tecnova.qa.tests.TestConcepto" name="creacionTablero" time="38.764"/>
  <system-out/>
  <testcase classname="cl.tecnova.qa.tests.TestConcepto" name="eliminarTablero" time="45.269"/>
  <system-out/>
  <testcase classname="cl.tecnova.qa.tests.TestConcepto" name="editarTarjeta" time="54.273"/>
  <system-out/>
  <testcase classname="cl.tecnova.qa.tests.TestConcepto" name="moverTarjeta" time="42.251"/>
  <system-out/>
</testsuite> <!-- cl.tecnova.qa.tests.TestConcepto -->
